INFO: [VRFC 10-2263] Analyzing SystemVerilog file "C:/Users/jimbr/fpga/6847rgb/6847rgb.srcs/sources_1/new/external_semigraphics.sv" into library xil_defaultlib
INFO: [VRFC 10-311] analyzing module external_semigraphics
WARNING: [VRFC 10-8864] concatenation with an unsized literal will be treated as 32 bits [C:/Users/jimbr/fpga/6847rgb/6847rgb.srcs/sources_1/new/external_semigraphics.sv:36]
WARNING: [VRFC 10-8864] concatenation with an unsized literal will be treated as 32 bits [C:/Users/jimbr/fpga/6847rgb/6847rgb.srcs/sources_1/new/external_semigraphics.sv:37]
WARNING: [VRFC 10-8864] concatenation with an unsized literal will be treated as 32 bits [C:/Users/jimbr/fpga/6847rgb/6847rgb.srcs/sources_1/new/external_semigraphics.sv:38]
WARNING: [VRFC 10-8864] concatenation with an unsized literal will be treated as 32 bits [C:/Users/jimbr/fpga/6847rgb/6847rgb.srcs/sources_1/new/external_semigraphics.sv:39]
WARNING: [VRFC 10-8864] concatenation with an unsized literal will be treated as 32 bits [C:/Users/jimbr/fpga/6847rgb/6847rgb.srcs/sources_1/new/external_semigraphics.sv:40]
WARNING: [VRFC 10-8864] concatenation with an unsized literal will be treated as 32 bits [C:/Users/jimbr/fpga/6847rgb/6847rgb.srcs/sources_1/new/external_semigraphics.sv:41]
WARNING: [VRFC 10-8864] concatenation with an unsized literal will be treated as 32 bits [C:/Users/jimbr/fpga/6847rgb/6847rgb.srcs/sources_1/new/external_semigraphics.sv:42]
WARNING: [VRFC 10-8864] concatenation with an unsized literal will be treated as 32 bits [C:/Users/jimbr/fpga/6847rgb/6847rgb.srcs/sources_1/new/external_semigraphics.sv:43]
WARNING: [VRFC 10-8864] concatenation with an unsized literal will be treated as 32 bits [C:/Users/jimbr/fpga/6847rgb/6847rgb.srcs/sources_1/new/external_semigraphics.sv:44]
WARNING: [VRFC 10-8864] concatenation with an unsized literal will be treated as 32 bits [C:/Users/jimbr/fpga/6847rgb/6847rgb.srcs/sources_1/new/external_semigraphics.sv:45]
WARNING: [VRFC 10-8864] concatenation with an unsized literal will be treated as 32 bits [C:/Users/jimbr/fpga/6847rgb/6847rgb.srcs/sources_1/new/external_semigraphics.sv:46]
WARNING: [VRFC 10-8864] concatenation with an unsized literal will be treated as 32 bits [C:/Users/jimbr/fpga/6847rgb/6847rgb.srcs/sources_1/new/external_semigraphics.sv:47]
WARNING: [VRFC 10-8864] concatenation with an unsized literal will be treated as 32 bits [C:/Users/jimbr/fpga/6847rgb/6847rgb.srcs/sources_1/new/external_semigraphics.sv:48]
WARNING: [VRFC 10-8864] concatenation with an unsized literal will be treated as 32 bits [C:/Users/jimbr/fpga/6847rgb/6847rgb.srcs/sources_1/new/external_semigraphics.sv:49]
WARNING: [VRFC 10-8864] concatenation with an unsized literal will be treated as 32 bits [C:/Users/jimbr/fpga/6847rgb/6847rgb.srcs/sources_1/new/external_semigraphics.sv:50]
WARNING: [VRFC 10-8864] concatenation with an unsized literal will be treated as 32 bits [C:/Users/jimbr/fpga/6847rgb/6847rgb.srcs/sources_1/new/external_semigraphics.sv:51]
WARNING: [VRFC 10-8864] concatenation with an unsized literal will be treated as 32 bits [C:/Users/jimbr/fpga/6847rgb/6847rgb.srcs/sources_1/new/external_semigraphics.sv:52]
WARNING: [VRFC 10-8864] concatenation with an unsized literal will be treated as 32 bits [C:/Users/jimbr/fpga/6847rgb/6847rgb.srcs/sources_1/new/external_semigraphics.sv:53]
WARNING: [VRFC 10-8864] concatenation with an unsized literal will be treated as 32 bits [C:/Users/jimbr/fpga/6847rgb/6847rgb.srcs/sources_1/new/external_semigraphics.sv:54]
WARNING: [VRFC 10-8864] concatenation with an unsized literal will be treated as 32 bits [C:/Users/jimbr/fpga/6847rgb/6847rgb.srcs/sources_1/new/external_semigraphics.sv:55]
WARNING: [VRFC 10-8864] concatenation with an unsized literal will be treated as 32 bits [C:/Users/jimbr/fpga/6847rgb/6847rgb.srcs/sources_1/new/external_semigraphics.sv:56]
WARNING: [VRFC 10-8864] concatenation with an unsized literal will be treated as 32 bits [C:/Users/jimbr/fpga/6847rgb/6847rgb.srcs/sources_1/new/external_semigraphics.sv:57]
WARNING: [VRFC 10-8864] concatenation with an unsized literal will be treated as 32 bits [C:/Users/jimbr/fpga/6847rgb/6847rgb.srcs/sources_1/new/external_semigraphics.sv:58]
WARNING: [VRFC 10-8864] concatenation with an unsized literal will be treated as 32 bits [C:/Users/jimbr/fpga/6847rgb/6847rgb.srcs/sources_1/new/external_semigraphics.sv:59]
WARNING: [VRFC 10-8864] concatenation with an unsized literal will be treated as 32 bits [C:/Users/jimbr/fpga/6847rgb/6847rgb.srcs/sources_1/new/external_semigraphics.sv:60]
WARNING: [VRFC 10-8864] concatenation with an unsized literal will be treated as 32 bits [C:/Users/jimbr/fpga/6847rgb/6847rgb.srcs/sources_1/new/external_semigraphics.sv:61]
WARNING: [VRFC 10-8864] concatenation with an unsized literal will be treated as 32 bits [C:/Users/jimbr/fpga/6847rgb/6847rgb.srcs/sources_1/new/external_semigraphics.sv:62]
WARNING: [VRFC 10-8864] concatenation with an unsized literal will be treated as 32 bits [C:/Users/jimbr/fpga/6847rgb/6847rgb.srcs/sources_1/new/external_semigraphics.sv:63]
WARNING: [VRFC 10-8864] concatenation with an unsized literal will be treated as 32 bits [C:/Users/jimbr/fpga/6847rgb/6847rgb.srcs/sources_1/new/external_semigraphics.sv:64]
WARNING: [VRFC 10-8864] concatenation with an unsized literal will be treated as 32 bits [C:/Users/jimbr/fpga/6847rgb/6847rgb.srcs/sources_1/new/external_semigraphics.sv:65]
WARNING: [VRFC 10-8864] concatenation with an unsized literal will be treated as 32 bits [C:/Users/jimbr/fpga/6847rgb/6847rgb.srcs/sources_1/new/external_semigraphics.sv:66]
WARNING: [VRFC 10-8864] concatenation with an unsized literal will be treated as 32 bits [C:/Users/jimbr/fpga/6847rgb/6847rgb.srcs/sources_1/new/external_semigraphics.sv:67]
WARNING: [VRFC 10-8864] concatenation with an unsized literal will be treated as 32 bits [C:/Users/jimbr/fpga/6847rgb/6847rgb.srcs/sources_1/new/external_semigraphics.sv:68]
WARNING: [VRFC 10-8864] concatenation with an unsized literal will be treated as 32 bits [C:/Users/jimbr/fpga/6847rgb/6847rgb.srcs/sources_1/new/external_semigraphics.sv:69]
WARNING: [VRFC 10-8864] concatenation with an unsized literal will be treated as 32 bits [C:/Users/jimbr/fpga/6847rgb/6847rgb.srcs/sources_1/new/external_semigraphics.sv:70]
WARNING: [VRFC 10-8864] concatenation with an unsized literal will be treated as 32 bits [C:/Users/jimbr/fpga/6847rgb/6847rgb.srcs/sources_1/new/external_semigraphics.sv:71]
WARNING: [VRFC 10-8864] concatenation with an unsized literal will be treated as 32 bits [C:/Users/jimbr/fpga/6847rgb/6847rgb.srcs/sources_1/new/external_semigraphics.sv:72]
WARNING: [VRFC 10-8864] concatenation with an unsized literal will be treated as 32 bits [C:/Users/jimbr/fpga/6847rgb/6847rgb.srcs/sources_1/new/external_semigraphics.sv:73]
WARNING: [VRFC 10-8864] concatenation with an unsized literal will be treated as 32 bits [C:/Users/jimbr/fpga/6847rgb/6847rgb.srcs/sources_1/new/external_semigraphics.sv:74]
WARNING: [VRFC 10-8864] concatenation with an unsized literal will be treated as 32 bits [C:/Users/jimbr/fpga/6847rgb/6847rgb.srcs/sources_1/new/external_semigraphics.sv:75]
WARNING: [VRFC 10-8864] concatenation with an unsized literal will be treated as 32 bits [C:/Users/jimbr/fpga/6847rgb/6847rgb.srcs/sources_1/new/external_semigraphics.sv:76]
WARNING: [VRFC 10-8864] concatenation with an unsized literal will be treated as 32 bits [C:/Users/jimbr/fpga/6847rgb/6847rgb.srcs/sources_1/new/external_semigraphics.sv:77]
WARNING: [VRFC 10-8864] concatenation with an unsized literal will be treated as 32 bits [C:/Users/jimbr/fpga/6847rgb/6847rgb.srcs/sources_1/new/external_semigraphics.sv:78]
WARNING: [VRFC 10-8864] concatenation with an unsized literal will be treated as 32 bits [C:/Users/jimbr/fpga/6847rgb/6847rgb.srcs/sources_1/new/external_semigraphics.sv:79]
WARNING: [VRFC 10-8864] concatenation with an unsized literal will be treated as 32 bits [C:/Users/jimbr/fpga/6847rgb/6847rgb.srcs/sources_1/new/external_semigraphics.sv:80]
WARNING: [VRFC 10-8864] concatenation with an unsized literal will be treated as 32 bits [C:/Users/jimbr/fpga/6847rgb/6847rgb.srcs/sources_1/new/external_semigraphics.sv:81]
WARNING: [VRFC 10-8864] concatenation with an unsized literal will be treated as 32 bits [C:/Users/jimbr/fpga/6847rgb/6847rgb.srcs/sources_1/new/external_semigraphics.sv:82]
WARNING: [VRFC 10-8864] concatenation with an unsized literal will be treated as 32 bits [C:/Users/jimbr/fpga/6847rgb/6847rgb.srcs/sources_1/new/external_semigraphics.sv:83]
WARNING: [VRFC 10-8864] concatenation with an unsized literal will be treated as 32 bits [C:/Users/jimbr/fpga/6847rgb/6847rgb.srcs/sources_1/new/external_semigraphics.sv:84]
WARNING: [VRFC 10-8864] concatenation with an unsized literal will be treated as 32 bits [C:/Users/jimbr/fpga/6847rgb/6847rgb.srcs/sources_1/new/external_semigraphics.sv:85]
WARNING: [VRFC 10-8864] concatenation with an unsized literal will be treated as 32 bits [C:/Users/jimbr/fpga/6847rgb/6847rgb.srcs/sources_1/new/external_semigraphics.sv:86]
WARNING: [VRFC 10-8864] concatenation with an unsized literal will be treated as 32 bits [C:/Users/jimbr/fpga/6847rgb/6847rgb.srcs/sources_1/new/external_semigraphics.sv:87]
WARNING: [VRFC 10-8864] concatenation with an unsized literal will be treated as 32 bits [C:/Users/jimbr/fpga/6847rgb/6847rgb.srcs/sources_1/new/external_semigraphics.sv:88]
WARNING: [VRFC 10-8864] concatenation with an unsized literal will be treated as 32 bits [C:/Users/jimbr/fpga/6847rgb/6847rgb.srcs/sources_1/new/external_semigraphics.sv:89]
WARNING: [VRFC 10-8864] concatenation with an unsized literal will be treated as 32 bits [C:/Users/jimbr/fpga/6847rgb/6847rgb.srcs/sources_1/new/external_semigraphics.sv:90]
WARNING: [VRFC 10-8864] concatenation with an unsized literal will be treated as 32 bits [C:/Users/jimbr/fpga/6847rgb/6847rgb.srcs/sources_1/new/external_semigraphics.sv:91]
WARNING: [VRFC 10-8864] concatenation with an unsized literal will be treated as 32 bits [C:/Users/jimbr/fpga/6847rgb/6847rgb.srcs/sources_1/new/external_semigraphics.sv:92]
WARNING: [VRFC 10-8864] concatenation with an unsized literal will be treated as 32 bits [C:/Users/jimbr/fpga/6847rgb/6847rgb.srcs/sources_1/new/external_semigraphics.sv:93]
WARNING: [VRFC 10-8864] concatenation with an unsized literal will be treated as 32 bits [C:/Users/jimbr/fpga/6847rgb/6847rgb.srcs/sources_1/new/external_semigraphics.sv:94]
WARNING: [VRFC 10-8864] concatenation with an unsized literal will be treated as 32 bits [C:/Users/jimbr/fpga/6847rgb/6847rgb.srcs/sources_1/new/external_semigraphics.sv:95]
WARNING: [VRFC 10-8864] concatenation with an unsized literal will be treated as 32 bits [C:/Users/jimbr/fpga/6847rgb/6847rgb.srcs/sources_1/new/external_semigraphics.sv:96]
WARNING: [VRFC 10-8864] concatenation with an unsized literal will be treated as 32 bits [C:/Users/jimbr/fpga/6847rgb/6847rgb.srcs/sources_1/new/external_semigraphics.sv:97]
WARNING: [VRFC 10-8864] concatenation with an unsized literal will be treated as 32 bits [C:/Users/jimbr/fpga/6847rgb/6847rgb.srcs/sources_1/new/external_semigraphics.sv:98]
WARNING: [VRFC 10-8864] concatenation with an unsized literal will be treated as 32 bits [C:/Users/jimbr/fpga/6847rgb/6847rgb.srcs/sources_1/new/external_semigraphics.sv:99]
WARNING: [VRFC 10-8864] concatenation with an unsized literal will be treated as 32 bits [C:/Users/jimbr/fpga/6847rgb/6847rgb.srcs/sources_1/new/external_semigraphics.sv:100]
WARNING: [VRFC 10-8864] concatenation with an unsized literal will be treated as 32 bits [C:/Users/jimbr/fpga/6847rgb/6847rgb.srcs/sources_1/new/external_semigraphics.sv:101]
WARNING: [VRFC 10-8864] concatenation with an unsized literal will be treated as 32 bits [C:/Users/jimbr/fpga/6847rgb/6847rgb.srcs/sources_1/new/external_semigraphics.sv:102]
WARNING: [VRFC 10-8864] concatenation with an unsized literal will be treated as 32 bits [C:/Users/jimbr/fpga/6847rgb/6847rgb.srcs/sources_1/new/external_semigraphics.sv:103]
WARNING: [VRFC 10-8864] concatenation with an unsized literal will be treated as 32 bits [C:/Users/jimbr/fpga/6847rgb/6847rgb.srcs/sources_1/new/external_semigraphics.sv:104]
WARNING: [VRFC 10-8864] concatenation with an unsized literal will be treated as 32 bits [C:/Users/jimbr/fpga/6847rgb/6847rgb.srcs/sources_1/new/external_semigraphics.sv:105]
WARNING: [VRFC 10-8864] concatenation with an unsized literal will be treated as 32 bits [C:/Users/jimbr/fpga/6847rgb/6847rgb.srcs/sources_1/new/external_semigraphics.sv:106]
WARNING: [VRFC 10-8864] concatenation with an unsized literal will be treated as 32 bits [C:/Users/jimbr/fpga/6847rgb/6847rgb.srcs/sources_1/new/external_semigraphics.sv:107]
WARNING: [VRFC 10-8864] concatenation with an unsized literal will be treated as 32 bits [C:/Users/jimbr/fpga/6847rgb/6847rgb.srcs/sources_1/new/external_semigraphics.sv:108]
WARNING: [VRFC 10-8864] concatenation with an unsized literal will be treated as 32 bits [C:/Users/jimbr/fpga/6847rgb/6847rgb.srcs/sources_1/new/external_semigraphics.sv:109]
WARNING: [VRFC 10-8864] concatenation with an unsized literal will be treated as 32 bits [C:/Users/jimbr/fpga/6847rgb/6847rgb.srcs/sources_1/new/external_semigraphics.sv:110]
WARNING: [VRFC 10-8864] concatenation with an unsized literal will be treated as 32 bits [C:/Users/jimbr/fpga/6847rgb/6847rgb.srcs/sources_1/new/external_semigraphics.sv:111]
WARNING: [VRFC 10-8864] concatenation with an unsized literal will be treated as 32 bits [C:/Users/jimbr/fpga/6847rgb/6847rgb.srcs/sources_1/new/external_semigraphics.sv:112]
WARNING: [VRFC 10-8864] concatenation with an unsized literal will be treated as 32 bits [C:/Users/jimbr/fpga/6847rgb/6847rgb.srcs/sources_1/new/external_semigraphics.sv:113]
WARNING: [VRFC 10-8864] concatenation with an unsized literal will be treated as 32 bits [C:/Users/jimbr/fpga/6847rgb/6847rgb.srcs/sources_1/new/external_semigraphics.sv:114]
WARNING: [VRFC 10-8864] concatenation with an unsized literal will be treated as 32 bits [C:/Users/jimbr/fpga/6847rgb/6847rgb.srcs/sources_1/new/external_semigraphics.sv:115]
WARNING: [VRFC 10-8864] concatenation with an unsized literal will be treated as 32 bits [C:/Users/jimbr/fpga/6847rgb/6847rgb.srcs/sources_1/new/external_semigraphics.sv:116]
WARNING: [VRFC 10-8864] concatenation with an unsized literal will be treated as 32 bits [C:/Users/jimbr/fpga/6847rgb/6847rgb.srcs/sources_1/new/external_semigraphics.sv:117]
WARNING: [VRFC 10-8864] concatenation with an unsized literal will be treated as 32 bits [C:/Users/jimbr/fpga/6847rgb/6847rgb.srcs/sources_1/new/external_semigraphics.sv:118]
WARNING: [VRFC 10-8864] concatenation with an unsized literal will be treated as 32 bits [C:/Users/jimbr/fpga/6847rgb/6847rgb.srcs/sources_1/new/external_semigraphics.sv:119]
WARNING: [VRFC 10-8864] concatenation with an unsized literal will be treated as 32 bits [C:/Users/jimbr/fpga/6847rgb/6847rgb.srcs/sources_1/new/external_semigraphics.sv:120]
WARNING: [VRFC 10-8864] concatenation with an unsized literal will be treated as 32 bits [C:/Users/jimbr/fpga/6847rgb/6847rgb.srcs/sources_1/new/external_semigraphics.sv:121]
WARNING: [VRFC 10-8864] concatenation with an unsized literal will be treated as 32 bits [C:/Users/jimbr/fpga/6847rgb/6847rgb.srcs/sources_1/new/external_semigraphics.sv:122]
WARNING: [VRFC 10-8864] concatenation with an unsized literal will be treated as 32 bits [C:/Users/jimbr/fpga/6847rgb/6847rgb.srcs/sources_1/new/external_semigraphics.sv:123]
WARNING: [VRFC 10-8864] concatenation with an unsized literal will be treated as 32 bits [C:/Users/jimbr/fpga/6847rgb/6847rgb.srcs/sources_1/new/external_semigraphics.sv:124]
WARNING: [VRFC 10-8864] concatenation with an unsized literal will be treated as 32 bits [C:/Users/jimbr/fpga/6847rgb/6847rgb.srcs/sources_1/new/external_semigraphics.sv:125]
WARNING: [VRFC 10-8864] concatenation with an unsized literal will be treated as 32 bits [C:/Users/jimbr/fpga/6847rgb/6847rgb.srcs/sources_1/new/external_semigraphics.sv:126]
WARNING: [VRFC 10-8864] concatenation with an unsized literal will be treated as 32 bits [C:/Users/jimbr/fpga/6847rgb/6847rgb.srcs/sources_1/new/external_semigraphics.sv:127]
WARNING: [VRFC 10-8864] concatenation with an unsized literal will be treated as 32 bits [C:/Users/jimbr/fpga/6847rgb/6847rgb.srcs/sources_1/new/external_semigraphics.sv:128]
WARNING: [VRFC 10-8864] concatenation with an unsized literal will be treated as 32 bits [C:/Users/jimbr/fpga/6847rgb/6847rgb.srcs/sources_1/new/external_semigraphics.sv:129]
WARNING: [VRFC 10-8864] concatenation with an unsized literal will be treated as 32 bits [C:/Users/jimbr/fpga/6847rgb/6847rgb.srcs/sources_1/new/external_semigraphics.sv:130]
WARNING: [VRFC 10-8864] concatenation with an unsized literal will be treated as 32 bits [C:/Users/jimbr/fpga/6847rgb/6847rgb.srcs/sources_1/new/external_semigraphics.sv:131]
WARNING: [VRFC 10-8864] concatenation with an unsized literal will be treated as 32 bits [C:/Users/jimbr/fpga/6847rgb/6847rgb.srcs/sources_1/new/external_semigraphics.sv:132]
WARNING: [VRFC 10-8864] concatenation with an unsized literal will be treated as 32 bits [C:/Users/jimbr/fpga/6847rgb/6847rgb.srcs/sources_1/new/external_semigraphics.sv:133]
WARNING: [VRFC 10-8864] concatenation with an unsized literal will be treated as 32 bits [C:/Users/jimbr/fpga/6847rgb/6847rgb.srcs/sources_1/new/external_semigraphics.sv:134]
WARNING: [VRFC 10-8864] concatenation with an unsized literal will be treated as 32 bits [C:/Users/jimbr/fpga/6847rgb/6847rgb.srcs/sources_1/new/external_semigraphics.sv:135]
WARNING: [VRFC 10-8864] concatenation with an unsized literal will be treated as 32 bits [C:/Users/jimbr/fpga/6847rgb/6847rgb.srcs/sources_1/new/external_semigraphics.sv:136]
WARNING: [VRFC 10-8864] concatenation with an unsized literal will be treated as 32 bits [C:/Users/jimbr/fpga/6847rgb/6847rgb.srcs/sources_1/new/external_semigraphics.sv:137]
WARNING: [VRFC 10-8864] concatenation with an unsized literal will be treated as 32 bits [C:/Users/jimbr/fpga/6847rgb/6847rgb.srcs/sources_1/new/external_semigraphics.sv:138]
WARNING: [VRFC 10-8864] concatenation with an unsized literal will be treated as 32 bits [C:/Users/jimbr/fpga/6847rgb/6847rgb.srcs/sources_1/new/external_semigraphics.sv:139]
WARNING: [VRFC 10-8864] concatenation with an unsized literal will be treated as 32 bits [C:/Users/jimbr/fpga/6847rgb/6847rgb.srcs/sources_1/new/external_semigraphics.sv:140]
WARNING: [VRFC 10-8864] concatenation with an unsized literal will be treated as 32 bits [C:/Users/jimbr/fpga/6847rgb/6847rgb.srcs/sources_1/new/external_semigraphics.sv:141]
WARNING: [VRFC 10-8864] concatenation with an unsized literal will be treated as 32 bits [C:/Users/jimbr/fpga/6847rgb/6847rgb.srcs/sources_1/new/external_semigraphics.sv:142]
WARNING: [VRFC 10-8864] concatenation with an unsized literal will be treated as 32 bits [C:/Users/jimbr/fpga/6847rgb/6847rgb.srcs/sources_1/new/external_semigraphics.sv:143]
WARNING: [VRFC 10-8864] concatenation with an unsized literal will be treated as 32 bits [C:/Users/jimbr/fpga/6847rgb/6847rgb.srcs/sources_1/new/external_semigraphics.sv:144]
WARNING: [VRFC 10-8864] concatenation with an unsized literal will be treated as 32 bits [C:/Users/jimbr/fpga/6847rgb/6847rgb.srcs/sources_1/new/external_semigraphics.sv:145]
WARNING: [VRFC 10-8864] concatenation with an unsized literal will be treated as 32 bits [C:/Users/jimbr/fpga/6847rgb/6847rgb.srcs/sources_1/new/external_semigraphics.sv:146]
WARNING: [VRFC 10-8864] concatenation with an unsized literal will be treated as 32 bits [C:/Users/jimbr/fpga/6847rgb/6847rgb.srcs/sources_1/new/external_semigraphics.sv:147]
WARNING: [VRFC 10-8864] concatenation with an unsized literal will be treated as 32 bits [C:/Users/jimbr/fpga/6847rgb/6847rgb.srcs/sources_1/new/external_semigraphics.sv:148]
WARNING: [VRFC 10-8864] concatenation with an unsized literal will be treated as 32 bits [C:/Users/jimbr/fpga/6847rgb/6847rgb.srcs/sources_1/new/external_semigraphics.sv:149]
WARNING: [VRFC 10-8864] concatenation with an unsized literal will be treated as 32 bits [C:/Users/jimbr/fpga/6847rgb/6847rgb.srcs/sources_1/new/external_semigraphics.sv:150]
WARNING: [VRFC 10-8864] concatenation with an unsized literal will be treated as 32 bits [C:/Users/jimbr/fpga/6847rgb/6847rgb.srcs/sources_1/new/external_semigraphics.sv:151]
WARNING: [VRFC 10-8864] concatenation with an unsized literal will be treated as 32 bits [C:/Users/jimbr/fpga/6847rgb/6847rgb.srcs/sources_1/new/external_semigraphics.sv:152]
WARNING: [VRFC 10-8864] concatenation with an unsized literal will be treated as 32 bits [C:/Users/jimbr/fpga/6847rgb/6847rgb.srcs/sources_1/new/external_semigraphics.sv:153]
WARNING: [VRFC 10-8864] concatenation with an unsized literal will be treated as 32 bits [C:/Users/jimbr/fpga/6847rgb/6847rgb.srcs/sources_1/new/external_semigraphics.sv:154]
WARNING: [VRFC 10-8864] concatenation with an unsized literal will be treated as 32 bits [C:/Users/jimbr/fpga/6847rgb/6847rgb.srcs/sources_1/new/external_semigraphics.sv:155]
WARNING: [VRFC 10-8864] concatenation with an unsized literal will be treated as 32 bits [C:/Users/jimbr/fpga/6847rgb/6847rgb.srcs/sources_1/new/external_semigraphics.sv:156]
WARNING: [VRFC 10-8864] concatenation with an unsized literal will be treated as 32 bits [C:/Users/jimbr/fpga/6847rgb/6847rgb.srcs/sources_1/new/external_semigraphics.sv:157]
WARNING: [VRFC 10-8864] concatenation with an unsized literal will be treated as 32 bits [C:/Users/jimbr/fpga/6847rgb/6847rgb.srcs/sources_1/new/external_semigraphics.sv:158]
WARNING: [VRFC 10-8864] concatenation with an unsized literal will be treated as 32 bits [C:/Users/jimbr/fpga/6847rgb/6847rgb.srcs/sources_1/new/external_semigraphics.sv:159]
WARNING: [VRFC 10-8864] concatenation with an unsized literal will be treated as 32 bits [C:/Users/jimbr/fpga/6847rgb/6847rgb.srcs/sources_1/new/external_semigraphics.sv:160]
WARNING: [VRFC 10-8864] concatenation with an unsized literal will be treated as 32 bits [C:/Users/jimbr/fpga/6847rgb/6847rgb.srcs/sources_1/new/external_semigraphics.sv:161]
WARNING: [VRFC 10-8864] concatenation with an unsized literal will be treated as 32 bits [C:/Users/jimbr/fpga/6847rgb/6847rgb.srcs/sources_1/new/external_semigraphics.sv:162]
WARNING: [VRFC 10-8864] concatenation with an unsized literal will be treated as 32 bits [C:/Users/jimbr/fpga/6847rgb/6847rgb.srcs/sources_1/new/external_semigraphics.sv:163]
WARNING: [VRFC 10-8864] concatenation with an unsized literal will be treated as 32 bits [C:/Users/jimbr/fpga/6847rgb/6847rgb.srcs/sources_1/new/external_semigraphics.sv:164]
WARNING: [VRFC 10-8864] concatenation with an unsized literal will be treated as 32 bits [C:/Users/jimbr/fpga/6847rgb/6847rgb.srcs/sources_1/new/external_semigraphics.sv:165]
WARNING: [VRFC 10-8864] concatenation with an unsized literal will be treated as 32 bits [C:/Users/jimbr/fpga/6847rgb/6847rgb.srcs/sources_1/new/external_semigraphics.sv:166]
WARNING: [VRFC 10-8864] concatenation with an unsized literal will be treated as 32 bits [C:/Users/jimbr/fpga/6847rgb/6847rgb.srcs/sources_1/new/external_semigraphics.sv:167]
WARNING: [VRFC 10-8864] concatenation with an unsized literal will be treated as 32 bits [C:/Users/jimbr/fpga/6847rgb/6847rgb.srcs/sources_1/new/external_semigraphics.sv:168]
WARNING: [VRFC 10-8864] concatenation with an unsized literal will be treated as 32 bits [C:/Users/jimbr/fpga/6847rgb/6847rgb.srcs/sources_1/new/external_semigraphics.sv:169]
WARNING: [VRFC 10-8864] concatenation with an unsized literal will be treated as 32 bits [C:/Users/jimbr/fpga/6847rgb/6847rgb.srcs/sources_1/new/external_semigraphics.sv:170]
WARNING: [VRFC 10-8864] concatenation with an unsized literal will be treated as 32 bits [C:/Users/jimbr/fpga/6847rgb/6847rgb.srcs/sources_1/new/external_semigraphics.sv:171]
WARNING: [VRFC 10-8864] concatenation with an unsized literal will be treated as 32 bits [C:/Users/jimbr/fpga/6847rgb/6847rgb.srcs/sources_1/new/external_semigraphics.sv:172]
WARNING: [VRFC 10-8864] concatenation with an unsized literal will be treated as 32 bits [C:/Users/jimbr/fpga/6847rgb/6847rgb.srcs/sources_1/new/external_semigraphics.sv:173]
WARNING: [VRFC 10-8864] concatenation with an unsized literal will be treated as 32 bits [C:/Users/jimbr/fpga/6847rgb/6847rgb.srcs/sources_1/new/external_semigraphics.sv:174]
WARNING: [VRFC 10-8864] concatenation with an unsized literal will be treated as 32 bits [C:/Users/jimbr/fpga/6847rgb/6847rgb.srcs/sources_1/new/external_semigraphics.sv:175]
WARNING: [VRFC 10-8864] concatenation with an unsized literal will be treated as 32 bits [C:/Users/jimbr/fpga/6847rgb/6847rgb.srcs/sources_1/new/external_semigraphics.sv:176]
WARNING: [VRFC 10-8864] concatenation with an unsized literal will be treated as 32 bits [C:/Users/jimbr/fpga/6847rgb/6847rgb.srcs/sources_1/new/external_semigraphics.sv:177]
WARNING: [VRFC 10-8864] concatenation with an unsized literal will be treated as 32 bits [C:/Users/jimbr/fpga/6847rgb/6847rgb.srcs/sources_1/new/external_semigraphics.sv:178]
WARNING: [VRFC 10-8864] concatenation with an unsized literal will be treated as 32 bits [C:/Users/jimbr/fpga/6847rgb/6847rgb.srcs/sources_1/new/external_semigraphics.sv:179]
WARNING: [VRFC 10-8864] concatenation with an unsized literal will be treated as 32 bits [C:/Users/jimbr/fpga/6847rgb/6847rgb.srcs/sources_1/new/external_semigraphics.sv:180]
WARNING: [VRFC 10-8864] concatenation with an unsized literal will be treated as 32 bits [C:/Users/jimbr/fpga/6847rgb/6847rgb.srcs/sources_1/new/external_semigraphics.sv:181]
WARNING: [VRFC 10-8864] concatenation with an unsized literal will be treated as 32 bits [C:/Users/jimbr/fpga/6847rgb/6847rgb.srcs/sources_1/new/external_semigraphics.sv:182]
WARNING: [VRFC 10-8864] concatenation with an unsized literal will be treated as 32 bits [C:/Users/jimbr/fpga/6847rgb/6847rgb.srcs/sources_1/new/external_semigraphics.sv:183]
WARNING: [VRFC 10-8864] concatenation with an unsized literal will be treated as 32 bits [C:/Users/jimbr/fpga/6847rgb/6847rgb.srcs/sources_1/new/external_semigraphics.sv:184]
WARNING: [VRFC 10-8864] concatenation with an unsized literal will be treated as 32 bits [C:/Users/jimbr/fpga/6847rgb/6847rgb.srcs/sources_1/new/external_semigraphics.sv:185]
WARNING: [VRFC 10-8864] concatenation with an unsized literal will be treated as 32 bits [C:/Users/jimbr/fpga/6847rgb/6847rgb.srcs/sources_1/new/external_semigraphics.sv:186]
WARNING: [VRFC 10-8864] concatenation with an unsized literal will be treated as 32 bits [C:/Users/jimbr/fpga/6847rgb/6847rgb.srcs/sources_1/new/external_semigraphics.sv:187]
WARNING: [VRFC 10-8864] concatenation with an unsized literal will be treated as 32 bits [C:/Users/jimbr/fpga/6847rgb/6847rgb.srcs/sources_1/new/external_semigraphics.sv:188]
WARNING: [VRFC 10-8864] concatenation with an unsized literal will be treated as 32 bits [C:/Users/jimbr/fpga/6847rgb/6847rgb.srcs/sources_1/new/external_semigraphics.sv:189]
WARNING: [VRFC 10-8864] concatenation with an unsized literal will be treated as 32 bits [C:/Users/jimbr/fpga/6847rgb/6847rgb.srcs/sources_1/new/external_semigraphics.sv:190]
WARNING: [VRFC 10-8864] concatenation with an unsized literal will be treated as 32 bits [C:/Users/jimbr/fpga/6847rgb/6847rgb.srcs/sources_1/new/external_semigraphics.sv:191]
WARNING: [VRFC 10-8864] concatenation with an unsized literal will be treated as 32 bits [C:/Users/jimbr/fpga/6847rgb/6847rgb.srcs/sources_1/new/external_semigraphics.sv:192]
WARNING: [VRFC 10-8864] concatenation with an unsized literal will be treated as 32 bits [C:/Users/jimbr/fpga/6847rgb/6847rgb.srcs/sources_1/new/external_semigraphics.sv:193]
WARNING: [VRFC 10-8864] concatenation with an unsized literal will be treated as 32 bits [C:/Users/jimbr/fpga/6847rgb/6847rgb.srcs/sources_1/new/external_semigraphics.sv:194]
WARNING: [VRFC 10-8864] concatenation with an unsized literal will be treated as 32 bits [C:/Users/jimbr/fpga/6847rgb/6847rgb.srcs/sources_1/new/external_semigraphics.sv:195]
WARNING: [VRFC 10-8864] concatenation with an unsized literal will be treated as 32 bits [C:/Users/jimbr/fpga/6847rgb/6847rgb.srcs/sources_1/new/external_semigraphics.sv:196]
WARNING: [VRFC 10-8864] concatenation with an unsized literal will be treated as 32 bits [C:/Users/jimbr/fpga/6847rgb/6847rgb.srcs/sources_1/new/external_semigraphics.sv:197]
WARNING: [VRFC 10-8864] concatenation with an unsized literal will be treated as 32 bits [C:/Users/jimbr/fpga/6847rgb/6847rgb.srcs/sources_1/new/external_semigraphics.sv:198]
WARNING: [VRFC 10-8864] concatenation with an unsized literal will be treated as 32 bits [C:/Users/jimbr/fpga/6847rgb/6847rgb.srcs/sources_1/new/external_semigraphics.sv:199]
WARNING: [VRFC 10-8864] concatenation with an unsized literal will be treated as 32 bits [C:/Users/jimbr/fpga/6847rgb/6847rgb.srcs/sources_1/new/external_semigraphics.sv:200]
WARNING: [VRFC 10-8864] concatenation with an unsized literal will be treated as 32 bits [C:/Users/jimbr/fpga/6847rgb/6847rgb.srcs/sources_1/new/external_semigraphics.sv:201]
WARNING: [VRFC 10-8864] concatenation with an unsized literal will be treated as 32 bits [C:/Users/jimbr/fpga/6847rgb/6847rgb.srcs/sources_1/new/external_semigraphics.sv:202]
WARNING: [VRFC 10-8864] concatenation with an unsized literal will be treated as 32 bits [C:/Users/jimbr/fpga/6847rgb/6847rgb.srcs/sources_1/new/external_semigraphics.sv:203]
WARNING: [VRFC 10-8864] concatenation with an unsized literal will be treated as 32 bits [C:/Users/jimbr/fpga/6847rgb/6847rgb.srcs/sources_1/new/external_semigraphics.sv:204]
WARNING: [VRFC 10-8864] concatenation with an unsized literal will be treated as 32 bits [C:/Users/jimbr/fpga/6847rgb/6847rgb.srcs/sources_1/new/external_semigraphics.sv:205]
WARNING: [VRFC 10-8864] concatenation with an unsized literal will be treated as 32 bits [C:/Users/jimbr/fpga/6847rgb/6847rgb.srcs/sources_1/new/external_semigraphics.sv:206]
WARNING: [VRFC 10-8864] concatenation with an unsized literal will be treated as 32 bits [C:/Users/jimbr/fpga/6847rgb/6847rgb.srcs/sources_1/new/external_semigraphics.sv:207]
WARNING: [VRFC 10-8864] concatenation with an unsized literal will be treated as 32 bits [C:/Users/jimbr/fpga/6847rgb/6847rgb.srcs/sources_1/new/external_semigraphics.sv:208]
WARNING: [VRFC 10-8864] concatenation with an unsized literal will be treated as 32 bits [C:/Users/jimbr/fpga/6847rgb/6847rgb.srcs/sources_1/new/external_semigraphics.sv:209]
WARNING: [VRFC 10-8864] concatenation with an unsized literal will be treated as 32 bits [C:/Users/jimbr/fpga/6847rgb/6847rgb.srcs/sources_1/new/external_semigraphics.sv:210]
WARNING: [VRFC 10-8864] concatenation with an unsized literal will be treated as 32 bits [C:/Users/jimbr/fpga/6847rgb/6847rgb.srcs/sources_1/new/external_semigraphics.sv:211]
WARNING: [VRFC 10-8864] concatenation with an unsized literal will be treated as 32 bits [C:/Users/jimbr/fpga/6847rgb/6847rgb.srcs/sources_1/new/external_semigraphics.sv:212]
WARNING: [VRFC 10-8864] concatenation with an unsized literal will be treated as 32 bits [C:/Users/jimbr/fpga/6847rgb/6847rgb.srcs/sources_1/new/external_semigraphics.sv:213]
WARNING: [VRFC 10-8864] concatenation with an unsized literal will be treated as 32 bits [C:/Users/jimbr/fpga/6847rgb/6847rgb.srcs/sources_1/new/external_semigraphics.sv:214]
WARNING: [VRFC 10-8864] concatenation with an unsized literal will be treated as 32 bits [C:/Users/jimbr/fpga/6847rgb/6847rgb.srcs/sources_1/new/external_semigraphics.sv:215]
WARNING: [VRFC 10-8864] concatenation with an unsized literal will be treated as 32 bits [C:/Users/jimbr/fpga/6847rgb/6847rgb.srcs/sources_1/new/external_semigraphics.sv:216]
WARNING: [VRFC 10-8864] concatenation with an unsized literal will be treated as 32 bits [C:/Users/jimbr/fpga/6847rgb/6847rgb.srcs/sources_1/new/external_semigraphics.sv:217]
WARNING: [VRFC 10-8864] concatenation with an unsized literal will be treated as 32 bits [C:/Users/jimbr/fpga/6847rgb/6847rgb.srcs/sources_1/new/external_semigraphics.sv:218]
WARNING: [VRFC 10-8864] concatenation with an unsized literal will be treated as 32 bits [C:/Users/jimbr/fpga/6847rgb/6847rgb.srcs/sources_1/new/external_semigraphics.sv:219]
WARNING: [VRFC 10-8864] concatenation with an unsized literal will be treated as 32 bits [C:/Users/jimbr/fpga/6847rgb/6847rgb.srcs/sources_1/new/external_semigraphics.sv:220]
WARNING: [VRFC 10-8864] concatenation with an unsized literal will be treated as 32 bits [C:/Users/jimbr/fpga/6847rgb/6847rgb.srcs/sources_1/new/external_semigraphics.sv:221]
WARNING: [VRFC 10-8864] concatenation with an unsized literal will be treated as 32 bits [C:/Users/jimbr/fpga/6847rgb/6847rgb.srcs/sources_1/new/external_semigraphics.sv:222]
WARNING: [VRFC 10-8864] concatenation with an unsized literal will be treated as 32 bits [C:/Users/jimbr/fpga/6847rgb/6847rgb.srcs/sources_1/new/external_semigraphics.sv:223]
WARNING: [VRFC 10-8864] concatenation with an unsized literal will be treated as 32 bits [C:/Users/jimbr/fpga/6847rgb/6847rgb.srcs/sources_1/new/external_semigraphics.sv:224]
WARNING: [VRFC 10-8864] concatenation with an unsized literal will be treated as 32 bits [C:/Users/jimbr/fpga/6847rgb/6847rgb.srcs/sources_1/new/external_semigraphics.sv:225]
WARNING: [VRFC 10-8864] concatenation with an unsized literal will be treated as 32 bits [C:/Users/jimbr/fpga/6847rgb/6847rgb.srcs/sources_1/new/external_semigraphics.sv:226]
WARNING: [VRFC 10-8864] concatenation with an unsized literal will be treated as 32 bits [C:/Users/jimbr/fpga/6847rgb/6847rgb.srcs/sources_1/new/external_semigraphics.sv:227]
INFO: [VRFC 10-2263] Analyzing SystemVerilog file "C:/Users/jimbr/fpga/6847rgb/6847rgb.srcs/sources_1/new/external_text_rom.sv" into library xil_defaultlib
INFO: [VRFC 10-311] analyzing module external_text_rom
INFO: [VRFC 10-2263] Analyzing SystemVerilog file "C:/Users/jimbr/fpga/6847rgb/6847rgb.srcs/sources_1/new/internal_semigraphics.sv" into library xil_defaultlib
INFO: [VRFC 10-311] analyzing module internal_semigraphics
WARNING: [VRFC 10-8864] concatenation with an unsized literal will be treated as 32 bits [C:/Users/jimbr/fpga/6847rgb/6847rgb.srcs/sources_1/new/internal_semigraphics.sv:36]
WARNING: [VRFC 10-8864] concatenation with an unsized literal will be treated as 32 bits [C:/Users/jimbr/fpga/6847rgb/6847rgb.srcs/sources_1/new/internal_semigraphics.sv:37]
WARNING: [VRFC 10-8864] concatenation with an unsized literal will be treated as 32 bits [C:/Users/jimbr/fpga/6847rgb/6847rgb.srcs/sources_1/new/internal_semigraphics.sv:38]
WARNING: [VRFC 10-8864] concatenation with an unsized literal will be treated as 32 bits [C:/Users/jimbr/fpga/6847rgb/6847rgb.srcs/sources_1/new/internal_semigraphics.sv:39]
WARNING: [VRFC 10-8864] concatenation with an unsized literal will be treated as 32 bits [C:/Users/jimbr/fpga/6847rgb/6847rgb.srcs/sources_1/new/internal_semigraphics.sv:40]
WARNING: [VRFC 10-8864] concatenation with an unsized literal will be treated as 32 bits [C:/Users/jimbr/fpga/6847rgb/6847rgb.srcs/sources_1/new/internal_semigraphics.sv:41]
WARNING: [VRFC 10-8864] concatenation with an unsized literal will be treated as 32 bits [C:/Users/jimbr/fpga/6847rgb/6847rgb.srcs/sources_1/new/internal_semigraphics.sv:42]
WARNING: [VRFC 10-8864] concatenation with an unsized literal will be treated as 32 bits [C:/Users/jimbr/fpga/6847rgb/6847rgb.srcs/sources_1/new/internal_semigraphics.sv:43]
WARNING: [VRFC 10-8864] concatenation with an unsized literal will be treated as 32 bits [C:/Users/jimbr/fpga/6847rgb/6847rgb.srcs/sources_1/new/internal_semigraphics.sv:44]
WARNING: [VRFC 10-8864] concatenation with an unsized literal will be treated as 32 bits [C:/Users/jimbr/fpga/6847rgb/6847rgb.srcs/sources_1/new/internal_semigraphics.sv:45]
WARNING: [VRFC 10-8864] concatenation with an unsized literal will be treated as 32 bits [C:/Users/jimbr/fpga/6847rgb/6847rgb.srcs/sources_1/new/internal_semigraphics.sv:46]
WARNING: [VRFC 10-8864] concatenation with an unsized literal will be treated as 32 bits [C:/Users/jimbr/fpga/6847rgb/6847rgb.srcs/sources_1/new/internal_semigraphics.sv:47]
WARNING: [VRFC 10-8864] concatenation with an unsized literal will be treated as 32 bits [C:/Users/jimbr/fpga/6847rgb/6847rgb.srcs/sources_1/new/internal_semigraphics.sv:48]
WARNING: [VRFC 10-8864] concatenation with an unsized literal will be treated as 32 bits [C:/Users/jimbr/fpga/6847rgb/6847rgb.srcs/sources_1/new/internal_semigraphics.sv:49]
WARNING: [VRFC 10-8864] concatenation with an unsized literal will be treated as 32 bits [C:/Users/jimbr/fpga/6847rgb/6847rgb.srcs/sources_1/new/internal_semigraphics.sv:50]
WARNING: [VRFC 10-8864] concatenation with an unsized literal will be treated as 32 bits [C:/Users/jimbr/fpga/6847rgb/6847rgb.srcs/sources_1/new/internal_semigraphics.sv:51]
WARNING: [VRFC 10-8864] concatenation with an unsized literal will be treated as 32 bits [C:/Users/jimbr/fpga/6847rgb/6847rgb.srcs/sources_1/new/internal_semigraphics.sv:52]
WARNING: [VRFC 10-8864] concatenation with an unsized literal will be treated as 32 bits [C:/Users/jimbr/fpga/6847rgb/6847rgb.srcs/sources_1/new/internal_semigraphics.sv:53]
WARNING: [VRFC 10-8864] concatenation with an unsized literal will be treated as 32 bits [C:/Users/jimbr/fpga/6847rgb/6847rgb.srcs/sources_1/new/internal_semigraphics.sv:54]
WARNING: [VRFC 10-8864] concatenation with an unsized literal will be treated as 32 bits [C:/Users/jimbr/fpga/6847rgb/6847rgb.srcs/sources_1/new/internal_semigraphics.sv:55]
WARNING: [VRFC 10-8864] concatenation with an unsized literal will be treated as 32 bits [C:/Users/jimbr/fpga/6847rgb/6847rgb.srcs/sources_1/new/internal_semigraphics.sv:56]
WARNING: [VRFC 10-8864] concatenation with an unsized literal will be treated as 32 bits [C:/Users/jimbr/fpga/6847rgb/6847rgb.srcs/sources_1/new/internal_semigraphics.sv:57]
WARNING: [VRFC 10-8864] concatenation with an unsized literal will be treated as 32 bits [C:/Users/jimbr/fpga/6847rgb/6847rgb.srcs/sources_1/new/internal_semigraphics.sv:58]
WARNING: [VRFC 10-8864] concatenation with an unsized literal will be treated as 32 bits [C:/Users/jimbr/fpga/6847rgb/6847rgb.srcs/sources_1/new/internal_semigraphics.sv:59]
WARNING: [VRFC 10-8864] concatenation with an unsized literal will be treated as 32 bits [C:/Users/jimbr/fpga/6847rgb/6847rgb.srcs/sources_1/new/internal_semigraphics.sv:60]
WARNING: [VRFC 10-8864] concatenation with an unsized literal will be treated as 32 bits [C:/Users/jimbr/fpga/6847rgb/6847rgb.srcs/sources_1/new/internal_semigraphics.sv:61]
WARNING: [VRFC 10-8864] concatenation with an unsized literal will be treated as 32 bits [C:/Users/jimbr/fpga/6847rgb/6847rgb.srcs/sources_1/new/internal_semigraphics.sv:62]
WARNING: [VRFC 10-8864] concatenation with an unsized literal will be treated as 32 bits [C:/Users/jimbr/fpga/6847rgb/6847rgb.srcs/sources_1/new/internal_semigraphics.sv:63]
WARNING: [VRFC 10-8864] concatenation with an unsized literal will be treated as 32 bits [C:/Users/jimbr/fpga/6847rgb/6847rgb.srcs/sources_1/new/internal_semigraphics.sv:64]
WARNING: [VRFC 10-8864] concatenation with an unsized literal will be treated as 32 bits [C:/Users/jimbr/fpga/6847rgb/6847rgb.srcs/sources_1/new/internal_semigraphics.sv:65]
WARNING: [VRFC 10-8864] concatenation with an unsized literal will be treated as 32 bits [C:/Users/jimbr/fpga/6847rgb/6847rgb.srcs/sources_1/new/internal_semigraphics.sv:66]
WARNING: [VRFC 10-8864] concatenation with an unsized literal will be treated as 32 bits [C:/Users/jimbr/fpga/6847rgb/6847rgb.srcs/sources_1/new/internal_semigraphics.sv:67]
INFO: [VRFC 10-2263] Analyzing SystemVerilog file "C:/Users/jimbr/fpga/6847rgb/6847rgb.srcs/sources_1/new/palette.sv" into library xil_defaultlib
INFO: [VRFC 10-311] analyzing module palette
INFO: [VRFC 10-2263] Analyzing SystemVerilog file "C:/Users/jimbr/fpga/6847rgb/6847rgb.srcs/sources_1/new/text_rom.sv" into library xil_defaultlib
INFO: [VRFC 10-311] analyzing module text_rom
INFO: [VRFC 10-2263] Analyzing SystemVerilog file "C:/Users/jimbr/fpga/6847rgb/6847rgb.srcs/sources_1/new/vdg.sv" into library xil_defaultlib
INFO: [VRFC 10-311] analyzing module vdg
INFO: [VRFC 10-2263] Analyzing SystemVerilog file "C:/Users/jimbr/fpga/6847rgb/6847rgb.srcs/sim_1/new/tb.sv" into library xil_defaultlib
INFO: [VRFC 10-311] analyzing module tb
